<?xml version="1.0" encoding="UTF-8"?>
<!-- Generated by org.testng.reporters.JUnitXMLReporter -->
<testsuite hostname="LAPTOP-JPK5SJ4V" ignored="0" name="Test1" tests="15" failures="0" timestamp="07 Mar 2024 06:29:49 GMT" time="0.046" errors="0">
  <testcase name="test3" time="0.016" classname="org.day6.A"/>
  <testcase name="test5" time="0.016" classname="org.day6.A"/>
  <testcase name="test4" time="0.016" classname="org.day6.A"/>
  <testcase name="test2" time="0.016" classname="org.day6.A"/>
  <testcase name="test1" time="0.016" classname="org.day6.A"/>
  <testcase name="test4" time="0.0" classname="org.day6.B"/>
  <testcase name="test3" time="0.0" classname="org.day6.B"/>
  <testcase name="test2" time="0.0" classname="org.day6.B"/>
  <testcase name="test1" time="0.0" classname="org.day6.B"/>
  <testcase name="test5" time="0.0" classname="org.day6.B"/>
  <testcase name="test3" time="0.0" classname="org.day6.C"/>
  <testcase name="test2" time="0.015" classname="org.day6.C"/>
  <testcase name="test1" time="0.015" classname="org.day6.C"/>
  <testcase name="test5" time="0.0" classname="org.day6.C"/>
  <testcase name="test4" time="0.0" classname="org.day6.C"/>
</testsuite> <!-- Test1 -->
