<?xml version="1.0" encoding="UTF-8"?>
<!-- Generated by org.testng.reporters.JUnitXMLReporter -->
<testsuite hostname="LAPTOP-JPK5SJ4V" ignored="0" name="Test2" tests="6" failures="0" timestamp="20 Jun 2024 11:13:26 GMT" time="0.016" errors="0">
  <testcase name="test1" time="0.002" classname="org.day3.B"/>
  <testcase name="test2" time="0.0" classname="org.day3.B"/>
  <testcase name="test3" time="0.0" classname="org.day3.B"/>
  <testcase name="test1" time="0.0" classname="org.day3.C"/>
  <testcase name="test2" time="0.0" classname="org.day3.C"/>
  <testcase name="test3" time="0.0" classname="org.day3.C"/>
</testsuite> <!-- Test2 -->
