<?xml version="1.0" encoding="UTF-8"?>
<!-- Generated by org.testng.reporters.JUnitXMLReporter -->
<testsuite hostname="LAPTOP-JPK5SJ4V" ignored="10" name="Test(failed)(failed)" tests="5" failures="5" timestamp="13 Mar 2024 11:52:56 GMT" time="0.034" errors="0">
  <testcase name="test1" time="0.011" classname="org.rerunnig.B">
    <failure type="java.lang.AssertionError" message="expected [true] but found [false]">
      <![CDATA[java.lang.AssertionError: expected [true] but found [false]
at org.rerunnig.B.test1(B.java:34)
... Removed 29 stack frames]]>
    </failure>
  </testcase> <!-- test1 -->
  <testcase name="test5" time="0.001" classname="org.rerunnig.B">
    <failure type="java.lang.AssertionError" message="expected [true] but found [false]">
      <![CDATA[java.lang.AssertionError: expected [true] but found [false]
at org.rerunnig.B.test5(B.java:95)
... Removed 29 stack frames]]>
    </failure>
  </testcase> <!-- test5 -->
  <testcase name="test3" time="0.0" classname="org.rerunnig.C">
    <failure type="java.lang.AssertionError" message="expected [true] but found [false]">
      <![CDATA[java.lang.AssertionError: expected [true] but found [false]
at org.rerunnig.C.test3(C.java:65)
... Removed 29 stack frames]]>
    </failure>
  </testcase> <!-- test3 -->
  <testcase name="test4" time="0.0" classname="org.rerunnig.A">
    <failure type="java.lang.AssertionError" message="expected [true] but found [false]">
      <![CDATA[java.lang.AssertionError: expected [true] but found [false]
at org.rerunnig.A.test4(A.java:84)
... Removed 29 stack frames]]>
    </failure>
  </testcase> <!-- test4 -->
  <testcase name="test2" time="0.0" classname="org.rerunnig.A">
    <failure type="java.lang.AssertionError" message="expected [true] but found [false]">
      <![CDATA[java.lang.AssertionError: expected [true] but found [false]
at org.rerunnig.A.test2(A.java:53)
... Removed 29 stack frames]]>
    </failure>
  </testcase> <!-- test2 -->
  <testcase name="test1" time="0.0" classname="org.rerunnig.A">
    <ignored/>
  </testcase> <!-- test1 -->
  <testcase name="test1" time="0.0" classname="org.rerunnig.C">
    <ignored/>
  </testcase> <!-- test1 -->
  <testcase name="test3" time="0.0" classname="org.rerunnig.B">
    <ignored/>
  </testcase> <!-- test3 -->
  <testcase name="test2" time="0.0" classname="org.rerunnig.C">
    <ignored/>
  </testcase> <!-- test2 -->
  <testcase name="test4" time="0.0" classname="org.rerunnig.C">
    <ignored/>
  </testcase> <!-- test4 -->
  <testcase name="test2" time="0.0" classname="org.rerunnig.B">
    <ignored/>
  </testcase> <!-- test2 -->
  <testcase name="test5" time="0.0" classname="org.rerunnig.A">
    <ignored/>
  </testcase> <!-- test5 -->
  <testcase name="test4" time="0.0" classname="org.rerunnig.B">
    <ignored/>
  </testcase> <!-- test4 -->
  <testcase name="test5" time="0.0" classname="org.rerunnig.C">
    <ignored/>
  </testcase> <!-- test5 -->
  <testcase name="test3" time="0.0" classname="org.rerunnig.A">
    <ignored/>
  </testcase> <!-- test3 -->
</testsuite> <!-- Test(failed)(failed) -->
