<?xml version="1.0" encoding="UTF-8"?>
<testng-results skipped="0" failed="0" ignored="0" total="1" passed="1">
  <reporter-output>
  </reporter-output>
  <suite name="Default suite" duration-ms="5180" started-at="2024-07-16T13:23:29Z" finished-at="2024-07-16T13:23:34Z">
    <groups>
    </groups>
    <test name="Default test" duration-ms="5180" started-at="2024-07-16T13:23:29Z" finished-at="2024-07-16T13:23:34Z">
      <class name="org.casualtest.screenshot">
        <test-method status="PASS" signature="screens()[pri:0, instance:org.casualtest.screenshot@6093dd95]" name="screens" duration-ms="5164" started-at="2024-07-16T13:23:29Z" finished-at="2024-07-16T13:23:34Z">
          <reporter-output>
          </reporter-output>
        </test-method> <!-- screens -->
      </class> <!-- org.casualtest.screenshot -->
    </test> <!-- Default test -->
  </suite> <!-- Default suite -->
</testng-results>
